<?xml version="1.0" encoding="UTF-8"?>
<testsuite xmlns:xsi="http://www.w3.org/2001/XMLSchema-instance" xsi:noNamespaceSchemaLocation="https://maven.apache.org/surefire/maven-surefire-plugin/xsd/surefire-test-report.xsd" name="TestSuite" time="588.447" tests="14" errors="0" skipped="0" failures="1">
  <properties>
    <property name="sun.desktop" value="gnome"/>
    <property name="awt.toolkit" value="sun.awt.X11.XToolkit"/>
    <property name="java.specification.version" value="11"/>
    <property name="sun.cpu.isalist" value=""/>
    <property name="sun.jnu.encoding" value="UTF-8"/>
    <property name="java.class.path" value="/home/niveus/maven/Afyawebapplication/target/test-classes:/home/niveus/maven/Afyawebapplication/target/classes:/home/niveus/.m2/repository/org/seleniumhq/selenium/selenium-java/3.141.59/selenium-java-3.141.59.jar:/home/niveus/.m2/repository/org/seleniumhq/selenium/selenium-api/3.141.59/selenium-api-3.141.59.jar:/home/niveus/.m2/repository/org/seleniumhq/selenium/selenium-chrome-driver/3.141.59/selenium-chrome-driver-3.141.59.jar:/home/niveus/.m2/repository/org/seleniumhq/selenium/selenium-edge-driver/3.141.59/selenium-edge-driver-3.141.59.jar:/home/niveus/.m2/repository/org/seleniumhq/selenium/selenium-firefox-driver/3.141.59/selenium-firefox-driver-3.141.59.jar:/home/niveus/.m2/repository/org/seleniumhq/selenium/selenium-ie-driver/3.141.59/selenium-ie-driver-3.141.59.jar:/home/niveus/.m2/repository/org/seleniumhq/selenium/selenium-opera-driver/3.141.59/selenium-opera-driver-3.141.59.jar:/home/niveus/.m2/repository/org/seleniumhq/selenium/selenium-remote-driver/3.141.59/selenium-remote-driver-3.141.59.jar:/home/niveus/.m2/repository/org/seleniumhq/selenium/selenium-safari-driver/3.141.59/selenium-safari-driver-3.141.59.jar:/home/niveus/.m2/repository/org/seleniumhq/selenium/selenium-support/3.141.59/selenium-support-3.141.59.jar:/home/niveus/.m2/repository/net/bytebuddy/byte-buddy/1.8.15/byte-buddy-1.8.15.jar:/home/niveus/.m2/repository/org/apache/commons/commons-exec/1.3/commons-exec-1.3.jar:/home/niveus/.m2/repository/com/google/guava/guava/25.0-jre/guava-25.0-jre.jar:/home/niveus/.m2/repository/com/google/code/findbugs/jsr305/1.3.9/jsr305-1.3.9.jar:/home/niveus/.m2/repository/org/checkerframework/checker-compat-qual/2.0.0/checker-compat-qual-2.0.0.jar:/home/niveus/.m2/repository/com/google/errorprone/error_prone_annotations/2.1.3/error_prone_annotations-2.1.3.jar:/home/niveus/.m2/repository/com/google/j2objc/j2objc-annotations/1.1/j2objc-annotations-1.1.jar:/home/niveus/.m2/repository/org/codehaus/mojo/animal-sniffer-annotations/1.14/animal-sniffer-annotations-1.14.jar:/home/niveus/.m2/repository/com/squareup/okhttp3/okhttp/3.11.0/okhttp-3.11.0.jar:/home/niveus/.m2/repository/com/squareup/okio/okio/1.14.0/okio-1.14.0.jar:/home/niveus/.m2/repository/org/testng/testng/7.0.0/testng-7.0.0.jar:/home/niveus/.m2/repository/com/beust/jcommander/1.72/jcommander-1.72.jar:/home/niveus/.m2/repository/commons-io/commons-io/2.6/commons-io-2.6.jar:/home/niveus/.m2/repository/org/apache/commons/commons-lang3/3.8.1/commons-lang3-3.8.1.jar:/home/niveus/.m2/repository/org/apache/poi/poi/4.1.1/poi-4.1.1.jar:/home/niveus/.m2/repository/commons-codec/commons-codec/1.13/commons-codec-1.13.jar:/home/niveus/.m2/repository/org/apache/commons/commons-collections4/4.4/commons-collections4-4.4.jar:/home/niveus/.m2/repository/org/apache/commons/commons-math3/3.6.1/commons-math3-3.6.1.jar:/home/niveus/.m2/repository/org/apache/poi/poi-ooxml/4.1.0/poi-ooxml-4.1.0.jar:/home/niveus/.m2/repository/org/apache/poi/poi-ooxml-schemas/4.1.0/poi-ooxml-schemas-4.1.0.jar:/home/niveus/.m2/repository/org/apache/xmlbeans/xmlbeans/3.1.0/xmlbeans-3.1.0.jar:/home/niveus/.m2/repository/org/apache/commons/commons-compress/1.18/commons-compress-1.18.jar:/home/niveus/.m2/repository/com/github/virtuald/curvesapi/1.06/curvesapi-1.06.jar:/home/niveus/.m2/repository/junit/junit/4.11/junit-4.11.jar:/home/niveus/.m2/repository/org/hamcrest/hamcrest-core/1.3/hamcrest-core-1.3.jar:/home/niveus/.m2/repository/javax/activation/activation/1.1.1/activation-1.1.1.jar:/home/niveus/.m2/repository/org/postgresql/postgresql/42.1.4/postgresql-42.1.4.jar:/home/niveus/.m2/repository/com/sun/mail/javax.mail/1.5.6/javax.mail-1.5.6.jar:/home/niveus/.m2/repository/com/aventstack/extentreports/3.0.6/extentreports-3.0.6.jar:/home/niveus/.m2/repository/org/freemarker/freemarker/2.3.23/freemarker-2.3.23.jar:/home/niveus/.m2/repository/org/mongodb/mongodb-driver/3.3.0/mongodb-driver-3.3.0.jar:/home/niveus/.m2/repository/org/mongodb/bson/3.3.0/bson-3.3.0.jar:/home/niveus/.m2/repository/org/mongodb/mongodb-driver-core/3.3.0/mongodb-driver-core-3.3.0.jar:/home/niveus/.m2/repository/org/apache/httpcomponents/httpclient/4.5.2/httpclient-4.5.2.jar:/home/niveus/.m2/repository/org/apache/httpcomponents/httpcore/4.4.4/httpcore-4.4.4.jar:/home/niveus/.m2/repository/commons-logging/commons-logging/1.2/commons-logging-1.2.jar:/home/niveus/.m2/repository/org/apache/httpcomponents/httpmime/4.5.2/httpmime-4.5.2.jar:/home/niveus/.m2/repository/org/jsoup/jsoup/1.9.2/jsoup-1.9.2.jar:/home/niveus/.m2/repository/com/relevantcodes/extentreports/2.41.2/extentreports-2.41.2.jar:/home/niveus/.m2/repository/org/xerial/sqlite-jdbc/3.8.11.1/sqlite-jdbc-3.8.11.1.jar:"/>
    <property name="java.vm.vendor" value="Ubuntu"/>
    <property name="sun.arch.data.model" value="64"/>
    <property name="java.vendor.url" value="https://ubuntu.com/"/>
    <property name="user.timezone" value=""/>
    <property name="java.vm.specification.version" value="11"/>
    <property name="os.name" value="Linux"/>
    <property name="sun.java.launcher" value="SUN_STANDARD"/>
    <property name="user.country" value="IN"/>
    <property name="sun.boot.library.path" value="/usr/lib/jvm/java-11-openjdk-amd64/lib"/>
    <property name="sun.java.command" value="/home/niveus/maven/Afyawebapplication/target/surefire/surefirebooter11095001843181821001.jar /home/niveus/maven/Afyawebapplication/target/surefire 2020-12-24T23-21-24_159-jvmRun1 surefire4658289533607346581tmp surefire_01297783223314310710tmp"/>
    <property name="jdk.debug" value="release"/>
    <property name="surefire.test.class.path" value="/home/niveus/maven/Afyawebapplication/target/test-classes:/home/niveus/maven/Afyawebapplication/target/classes:/home/niveus/.m2/repository/org/seleniumhq/selenium/selenium-java/3.141.59/selenium-java-3.141.59.jar:/home/niveus/.m2/repository/org/seleniumhq/selenium/selenium-api/3.141.59/selenium-api-3.141.59.jar:/home/niveus/.m2/repository/org/seleniumhq/selenium/selenium-chrome-driver/3.141.59/selenium-chrome-driver-3.141.59.jar:/home/niveus/.m2/repository/org/seleniumhq/selenium/selenium-edge-driver/3.141.59/selenium-edge-driver-3.141.59.jar:/home/niveus/.m2/repository/org/seleniumhq/selenium/selenium-firefox-driver/3.141.59/selenium-firefox-driver-3.141.59.jar:/home/niveus/.m2/repository/org/seleniumhq/selenium/selenium-ie-driver/3.141.59/selenium-ie-driver-3.141.59.jar:/home/niveus/.m2/repository/org/seleniumhq/selenium/selenium-opera-driver/3.141.59/selenium-opera-driver-3.141.59.jar:/home/niveus/.m2/repository/org/seleniumhq/selenium/selenium-remote-driver/3.141.59/selenium-remote-driver-3.141.59.jar:/home/niveus/.m2/repository/org/seleniumhq/selenium/selenium-safari-driver/3.141.59/selenium-safari-driver-3.141.59.jar:/home/niveus/.m2/repository/org/seleniumhq/selenium/selenium-support/3.141.59/selenium-support-3.141.59.jar:/home/niveus/.m2/repository/net/bytebuddy/byte-buddy/1.8.15/byte-buddy-1.8.15.jar:/home/niveus/.m2/repository/org/apache/commons/commons-exec/1.3/commons-exec-1.3.jar:/home/niveus/.m2/repository/com/google/guava/guava/25.0-jre/guava-25.0-jre.jar:/home/niveus/.m2/repository/com/google/code/findbugs/jsr305/1.3.9/jsr305-1.3.9.jar:/home/niveus/.m2/repository/org/checkerframework/checker-compat-qual/2.0.0/checker-compat-qual-2.0.0.jar:/home/niveus/.m2/repository/com/google/errorprone/error_prone_annotations/2.1.3/error_prone_annotations-2.1.3.jar:/home/niveus/.m2/repository/com/google/j2objc/j2objc-annotations/1.1/j2objc-annotations-1.1.jar:/home/niveus/.m2/repository/org/codehaus/mojo/animal-sniffer-annotations/1.14/animal-sniffer-annotations-1.14.jar:/home/niveus/.m2/repository/com/squareup/okhttp3/okhttp/3.11.0/okhttp-3.11.0.jar:/home/niveus/.m2/repository/com/squareup/okio/okio/1.14.0/okio-1.14.0.jar:/home/niveus/.m2/repository/org/testng/testng/7.0.0/testng-7.0.0.jar:/home/niveus/.m2/repository/com/beust/jcommander/1.72/jcommander-1.72.jar:/home/niveus/.m2/repository/commons-io/commons-io/2.6/commons-io-2.6.jar:/home/niveus/.m2/repository/org/apache/commons/commons-lang3/3.8.1/commons-lang3-3.8.1.jar:/home/niveus/.m2/repository/org/apache/poi/poi/4.1.1/poi-4.1.1.jar:/home/niveus/.m2/repository/commons-codec/commons-codec/1.13/commons-codec-1.13.jar:/home/niveus/.m2/repository/org/apache/commons/commons-collections4/4.4/commons-collections4-4.4.jar:/home/niveus/.m2/repository/org/apache/commons/commons-math3/3.6.1/commons-math3-3.6.1.jar:/home/niveus/.m2/repository/org/apache/poi/poi-ooxml/4.1.0/poi-ooxml-4.1.0.jar:/home/niveus/.m2/repository/org/apache/poi/poi-ooxml-schemas/4.1.0/poi-ooxml-schemas-4.1.0.jar:/home/niveus/.m2/repository/org/apache/xmlbeans/xmlbeans/3.1.0/xmlbeans-3.1.0.jar:/home/niveus/.m2/repository/org/apache/commons/commons-compress/1.18/commons-compress-1.18.jar:/home/niveus/.m2/repository/com/github/virtuald/curvesapi/1.06/curvesapi-1.06.jar:/home/niveus/.m2/repository/junit/junit/4.11/junit-4.11.jar:/home/niveus/.m2/repository/org/hamcrest/hamcrest-core/1.3/hamcrest-core-1.3.jar:/home/niveus/.m2/repository/javax/activation/activation/1.1.1/activation-1.1.1.jar:/home/niveus/.m2/repository/org/postgresql/postgresql/42.1.4/postgresql-42.1.4.jar:/home/niveus/.m2/repository/com/sun/mail/javax.mail/1.5.6/javax.mail-1.5.6.jar:/home/niveus/.m2/repository/com/aventstack/extentreports/3.0.6/extentreports-3.0.6.jar:/home/niveus/.m2/repository/org/freemarker/freemarker/2.3.23/freemarker-2.3.23.jar:/home/niveus/.m2/repository/org/mongodb/mongodb-driver/3.3.0/mongodb-driver-3.3.0.jar:/home/niveus/.m2/repository/org/mongodb/bson/3.3.0/bson-3.3.0.jar:/home/niveus/.m2/repository/org/mongodb/mongodb-driver-core/3.3.0/mongodb-driver-core-3.3.0.jar:/home/niveus/.m2/repository/org/apache/httpcomponents/httpclient/4.5.2/httpclient-4.5.2.jar:/home/niveus/.m2/repository/org/apache/httpcomponents/httpcore/4.4.4/httpcore-4.4.4.jar:/home/niveus/.m2/repository/commons-logging/commons-logging/1.2/commons-logging-1.2.jar:/home/niveus/.m2/repository/org/apache/httpcomponents/httpmime/4.5.2/httpmime-4.5.2.jar:/home/niveus/.m2/repository/org/jsoup/jsoup/1.9.2/jsoup-1.9.2.jar:/home/niveus/.m2/repository/com/relevantcodes/extentreports/2.41.2/extentreports-2.41.2.jar:/home/niveus/.m2/repository/org/xerial/sqlite-jdbc/3.8.11.1/sqlite-jdbc-3.8.11.1.jar:"/>
    <property name="sun.cpu.endian" value="little"/>
    <property name="user.home" value="/home/niveus"/>
    <property name="user.language" value="en"/>
    <property name="java.specification.vendor" value="Oracle Corporation"/>
    <property name="java.version.date" value="2020-11-04"/>
    <property name="java.home" value="/usr/lib/jvm/java-11-openjdk-amd64"/>
    <property name="file.separator" value="/"/>
    <property name="basedir" value="/home/niveus/maven/Afyawebapplication"/>
    <property name="java.vm.compressedOopsMode" value="Zero based"/>
    <property name="line.separator" value="&#10;"/>
    <property name="java.specification.name" value="Java Platform API Specification"/>
    <property name="java.vm.specification.vendor" value="Oracle Corporation"/>
    <property name="java.awt.graphicsenv" value="sun.awt.X11GraphicsEnvironment"/>
    <property name="surefire.real.class.path" value="/home/niveus/maven/Afyawebapplication/target/surefire/surefirebooter11095001843181821001.jar"/>
    <property name="sun.management.compiler" value="HotSpot 64-Bit Tiered Compilers"/>
    <property name="java.runtime.version" value="11.0.9.1+1-Ubuntu-0ubuntu1.20.04"/>
    <property name="user.name" value="niveus"/>
    <property name="path.separator" value=":"/>
    <property name="os.version" value="5.4.0-58-generic"/>
    <property name="java.runtime.name" value="OpenJDK Runtime Environment"/>
    <property name="file.encoding" value="UTF-8"/>
    <property name="java.vm.name" value="OpenJDK 64-Bit Server VM"/>
    <property name="localRepository" value="/home/niveus/.m2/repository"/>
    <property name="java.vendor.url.bug" value="https://bugs.launchpad.net/ubuntu/+source/openjdk-lts"/>
    <property name="java.io.tmpdir" value="/tmp"/>
    <property name="java.version" value="11.0.9.1"/>
    <property name="user.dir" value="/home/niveus/maven/Afyawebapplication"/>
    <property name="os.arch" value="amd64"/>
    <property name="java.vm.specification.name" value="Java Virtual Machine Specification"/>
    <property name="java.awt.printerjob" value="sun.print.PSPrinterJob"/>
    <property name="sun.os.patch.level" value="unknown"/>
    <property name="java.library.path" value="/usr/java/packages/lib:/usr/lib/x86_64-linux-gnu/jni:/lib/x86_64-linux-gnu:/usr/lib/x86_64-linux-gnu:/usr/lib/jni:/lib:/usr/lib"/>
    <property name="java.vm.info" value="mixed mode, sharing"/>
    <property name="java.vendor" value="Ubuntu"/>
    <property name="java.vm.version" value="11.0.9.1+1-Ubuntu-0ubuntu1.20.04"/>
    <property name="sun.io.unicode.encoding" value="UnicodeLittle"/>
    <property name="java.class.version" value="55.0"/>
  </properties>
  <testcase name="assigningDoctorTest" classname="com.niveus.AssigningDoctorTest" time="17.796"/>
  <testcase name="uploadDocumentValidation" classname="com.niveus.UploadDocumentTest" time="23.455"/>
  <testcase name="participantValidationTest" classname="com.niveus.ParticipantTest" time="24.937"/>
  <testcase name="addspecialityValidationTest" classname="com.niveus.AddSpecialityTest" time="31.711"/>
  <testcase name="patientInfoValidationTest" classname="com.niveus.PatientInfoTest" time="37.182"/>
  <testcase name="statusValidation" classname="com.niveus.ResponderStatusTest" time="17.471"/>
  <testcase name="updateProfileInformation" classname="com.niveus.ProfileUpadateTest" time="20.285"/>
  <testcase name="mediaFileValidation" classname="com.niveus.MediaFileTest" time="30.522"/>
  <testcase name="filterValidationTest" classname="com.niveus.FilterTest" time="28.769">
    <failure message="stale element reference: element is not attached to the page document&#10;  (Session info: headless chrome=86.0.4240.183)&#10;For documentation on this error, please visit: https://www.seleniumhq.org/exceptions/stale_element_reference.html&#10;Build info: version: &apos;3.141.59&apos;, revision: &apos;e82be7d358&apos;, time: &apos;2018-11-14T08:17:03&apos;&#10;System info: host: &apos;niveus-HP-EliteBook-820-G3&apos;, ip: &apos;127.0.1.1&apos;, os.name: &apos;Linux&apos;, os.arch: &apos;amd64&apos;, os.version: &apos;5.4.0-58-generic&apos;, java.version: &apos;11.0.9.1&apos;&#10;Driver info: org.openqa.selenium.chrome.ChromeDriver&#10;Capabilities {acceptInsecureCerts: true, browserName: chrome, browserVersion: 86.0.4240.183, chrome: {chromedriverVersion: 86.0.4240.22 (398b0743353ff..., userDataDir: /tmp/.com.google.Chrome.rVusJq}, goog:chromeOptions: {debuggerAddress: localhost:45991}, javascriptEnabled: true, networkConnectionEnabled: false, pageLoadStrategy: normal, platform: LINUX, platformName: LINUX, proxy: Proxy(), setWindowRect: true, strictFileInteractability: false, timeouts: {implicit: 0, pageLoad: 300000, script: 30000}, unhandledPromptBehavior: dismiss and notify, webauthn:virtualAuthenticators: true}&#10;Session ID: 97cf549510b871fa648ff2266395c042" type="org.openqa.selenium.StaleElementReferenceException">org.openqa.selenium.StaleElementReferenceException: 
stale element reference: element is not attached to the page document
  (Session info: headless chrome=86.0.4240.183)
For documentation on this error, please visit: https://www.seleniumhq.org/exceptions/stale_element_reference.html
Build info: version: '3.141.59', revision: 'e82be7d358', time: '2018-11-14T08:17:03'
System info: host: 'niveus-HP-EliteBook-820-G3', ip: '127.0.1.1', os.name: 'Linux', os.arch: 'amd64', os.version: '5.4.0-58-generic', java.version: '11.0.9.1'
Driver info: org.openqa.selenium.chrome.ChromeDriver
Capabilities {acceptInsecureCerts: true, browserName: chrome, browserVersion: 86.0.4240.183, chrome: {chromedriverVersion: 86.0.4240.22 (398b0743353ff..., userDataDir: /tmp/.com.google.Chrome.rVusJq}, goog:chromeOptions: {debuggerAddress: localhost:45991}, javascriptEnabled: true, networkConnectionEnabled: false, pageLoadStrategy: normal, platform: LINUX, platformName: LINUX, proxy: Proxy(), setWindowRect: true, strictFileInteractability: false, timeouts: {implicit: 0, pageLoad: 300000, script: 30000}, unhandledPromptBehavior: dismiss and notify, webauthn:virtualAuthenticators: true}
Session ID: 97cf549510b871fa648ff2266395c042
	at com.niveus.FilterTest.filterValidationTest(FilterTest.java:168)
</failure>
    <system-out><![CDATA[browser is launched
 Page  is sucessfully displayed
FilterTest Testcase is runnng..........
Login page is sucessfully displayed
Login Alert Popup is displayed......
sucessfully logedin and Home page is displayed
prem, Test2 +1
Sent an image
8 days old
RE: prasanna Helo
second time stamp is taken.........############
8 days old
]]></system-out>
    <system-err><![CDATA[Starting ChromeDriver 86.0.4240.22 (398b0743353ff36fb1b82468f63a3a93b4e2e89e-refs/branch-heads/4240@{#378}) on port 25776
Only local connections are allowed.
Please see https://chromedriver.chromium.org/security-considerations for suggestions on keeping ChromeDriver safe.
ChromeDriver was started successfully.
[1608832560.408][WARNING]: Deprecated chrome option is ignored: useAutomationExtension
[1608832560.409][WARNING]: Deprecated chrome option is ignored: useAutomationExtension
Dec 24, 2020 11:26:00 PM org.openqa.selenium.remote.ProtocolHandshake createSession
INFO: Detected dialect: W3C
]]></system-err>
  </testcase>
  <testcase name="loginPageTest" classname="com.niveus.LoginTest" time="6.78"/>
  <testcase name="chatMemeberValidation" classname="com.niveus.ChatMemberTest" time="38.496"/>
  <testcase name="addNewPatientTest" classname="com.niveus.AddNewPatientTest" time="33.984"/>
  <testcase name="uploadPhotoValidation" classname="com.niveus.UploadPhotosTest" time="28.954"/>
  <testcase name="closeCodeValidationTest" classname="com.niveus.CloseCodeTest" time="41.159"/>
</testsuite>