<?xml version="1.0" encoding="UTF-8"?>
<testsuite xmlns:xsi="http://www.w3.org/2001/XMLSchema-instance" xsi:noNamespaceSchemaLocation="https://maven.apache.org/surefire/maven-surefire-plugin/xsd/surefire-test-report.xsd" name="TestSuite" time="733.534" tests="15" errors="0" skipped="0" failures="5">
  <properties>
    <property name="sun.desktop" value="gnome"/>
    <property name="awt.toolkit" value="sun.awt.X11.XToolkit"/>
    <property name="java.specification.version" value="11"/>
    <property name="sun.cpu.isalist" value=""/>
    <property name="sun.jnu.encoding" value="UTF-8"/>
    <property name="java.class.path" value="/home/niveus/maven/Afyawebapplication/target/test-classes:/home/niveus/maven/Afyawebapplication/target/classes:/home/niveus/.m2/repository/org/seleniumhq/selenium/selenium-java/3.141.59/selenium-java-3.141.59.jar:/home/niveus/.m2/repository/org/seleniumhq/selenium/selenium-api/3.141.59/selenium-api-3.141.59.jar:/home/niveus/.m2/repository/org/seleniumhq/selenium/selenium-chrome-driver/3.141.59/selenium-chrome-driver-3.141.59.jar:/home/niveus/.m2/repository/org/seleniumhq/selenium/selenium-edge-driver/3.141.59/selenium-edge-driver-3.141.59.jar:/home/niveus/.m2/repository/org/seleniumhq/selenium/selenium-firefox-driver/3.141.59/selenium-firefox-driver-3.141.59.jar:/home/niveus/.m2/repository/org/seleniumhq/selenium/selenium-ie-driver/3.141.59/selenium-ie-driver-3.141.59.jar:/home/niveus/.m2/repository/org/seleniumhq/selenium/selenium-opera-driver/3.141.59/selenium-opera-driver-3.141.59.jar:/home/niveus/.m2/repository/org/seleniumhq/selenium/selenium-remote-driver/3.141.59/selenium-remote-driver-3.141.59.jar:/home/niveus/.m2/repository/org/seleniumhq/selenium/selenium-safari-driver/3.141.59/selenium-safari-driver-3.141.59.jar:/home/niveus/.m2/repository/org/seleniumhq/selenium/selenium-support/3.141.59/selenium-support-3.141.59.jar:/home/niveus/.m2/repository/net/bytebuddy/byte-buddy/1.8.15/byte-buddy-1.8.15.jar:/home/niveus/.m2/repository/org/apache/commons/commons-exec/1.3/commons-exec-1.3.jar:/home/niveus/.m2/repository/com/google/guava/guava/25.0-jre/guava-25.0-jre.jar:/home/niveus/.m2/repository/com/google/code/findbugs/jsr305/1.3.9/jsr305-1.3.9.jar:/home/niveus/.m2/repository/org/checkerframework/checker-compat-qual/2.0.0/checker-compat-qual-2.0.0.jar:/home/niveus/.m2/repository/com/google/errorprone/error_prone_annotations/2.1.3/error_prone_annotations-2.1.3.jar:/home/niveus/.m2/repository/com/google/j2objc/j2objc-annotations/1.1/j2objc-annotations-1.1.jar:/home/niveus/.m2/repository/org/codehaus/mojo/animal-sniffer-annotations/1.14/animal-sniffer-annotations-1.14.jar:/home/niveus/.m2/repository/com/squareup/okhttp3/okhttp/3.11.0/okhttp-3.11.0.jar:/home/niveus/.m2/repository/com/squareup/okio/okio/1.14.0/okio-1.14.0.jar:/home/niveus/.m2/repository/org/testng/testng/7.0.0/testng-7.0.0.jar:/home/niveus/.m2/repository/com/beust/jcommander/1.72/jcommander-1.72.jar:/home/niveus/.m2/repository/commons-io/commons-io/2.6/commons-io-2.6.jar:/home/niveus/.m2/repository/org/apache/commons/commons-lang3/3.8.1/commons-lang3-3.8.1.jar:/home/niveus/.m2/repository/org/apache/poi/poi/4.1.1/poi-4.1.1.jar:/home/niveus/.m2/repository/commons-codec/commons-codec/1.13/commons-codec-1.13.jar:/home/niveus/.m2/repository/org/apache/commons/commons-collections4/4.4/commons-collections4-4.4.jar:/home/niveus/.m2/repository/org/apache/commons/commons-math3/3.6.1/commons-math3-3.6.1.jar:/home/niveus/.m2/repository/org/apache/poi/poi-ooxml/4.1.0/poi-ooxml-4.1.0.jar:/home/niveus/.m2/repository/org/apache/poi/poi-ooxml-schemas/4.1.0/poi-ooxml-schemas-4.1.0.jar:/home/niveus/.m2/repository/org/apache/xmlbeans/xmlbeans/3.1.0/xmlbeans-3.1.0.jar:/home/niveus/.m2/repository/org/apache/commons/commons-compress/1.18/commons-compress-1.18.jar:/home/niveus/.m2/repository/com/github/virtuald/curvesapi/1.06/curvesapi-1.06.jar:/home/niveus/.m2/repository/junit/junit/4.11/junit-4.11.jar:/home/niveus/.m2/repository/org/hamcrest/hamcrest-core/1.3/hamcrest-core-1.3.jar:/home/niveus/.m2/repository/javax/activation/activation/1.1.1/activation-1.1.1.jar:/home/niveus/.m2/repository/org/postgresql/postgresql/42.1.4/postgresql-42.1.4.jar:/home/niveus/.m2/repository/com/sun/mail/javax.mail/1.5.6/javax.mail-1.5.6.jar:/home/niveus/.m2/repository/com/aventstack/extentreports/3.0.6/extentreports-3.0.6.jar:/home/niveus/.m2/repository/org/freemarker/freemarker/2.3.23/freemarker-2.3.23.jar:/home/niveus/.m2/repository/org/mongodb/mongodb-driver/3.3.0/mongodb-driver-3.3.0.jar:/home/niveus/.m2/repository/org/mongodb/bson/3.3.0/bson-3.3.0.jar:/home/niveus/.m2/repository/org/mongodb/mongodb-driver-core/3.3.0/mongodb-driver-core-3.3.0.jar:/home/niveus/.m2/repository/org/apache/httpcomponents/httpclient/4.5.2/httpclient-4.5.2.jar:/home/niveus/.m2/repository/org/apache/httpcomponents/httpcore/4.4.4/httpcore-4.4.4.jar:/home/niveus/.m2/repository/commons-logging/commons-logging/1.2/commons-logging-1.2.jar:/home/niveus/.m2/repository/org/apache/httpcomponents/httpmime/4.5.2/httpmime-4.5.2.jar:/home/niveus/.m2/repository/org/jsoup/jsoup/1.9.2/jsoup-1.9.2.jar:/home/niveus/.m2/repository/com/relevantcodes/extentreports/2.41.2/extentreports-2.41.2.jar:/home/niveus/.m2/repository/org/xerial/sqlite-jdbc/3.8.11.1/sqlite-jdbc-3.8.11.1.jar:"/>
    <property name="java.vm.vendor" value="Ubuntu"/>
    <property name="sun.arch.data.model" value="64"/>
    <property name="java.vendor.url" value="https://ubuntu.com/"/>
    <property name="user.timezone" value=""/>
    <property name="java.vm.specification.version" value="11"/>
    <property name="os.name" value="Linux"/>
    <property name="sun.java.launcher" value="SUN_STANDARD"/>
    <property name="user.country" value="IN"/>
    <property name="sun.boot.library.path" value="/usr/lib/jvm/java-11-openjdk-amd64/lib"/>
    <property name="sun.java.command" value="/home/niveus/maven/Afyawebapplication/target/surefire/surefirebooter16292922369458533149.jar /home/niveus/maven/Afyawebapplication/target/surefire 2020-10-28T09-56-08_147-jvmRun1 surefire14505347371228914519tmp surefire_08759533197515340922tmp"/>
    <property name="jdk.debug" value="release"/>
    <property name="surefire.test.class.path" value="/home/niveus/maven/Afyawebapplication/target/test-classes:/home/niveus/maven/Afyawebapplication/target/classes:/home/niveus/.m2/repository/org/seleniumhq/selenium/selenium-java/3.141.59/selenium-java-3.141.59.jar:/home/niveus/.m2/repository/org/seleniumhq/selenium/selenium-api/3.141.59/selenium-api-3.141.59.jar:/home/niveus/.m2/repository/org/seleniumhq/selenium/selenium-chrome-driver/3.141.59/selenium-chrome-driver-3.141.59.jar:/home/niveus/.m2/repository/org/seleniumhq/selenium/selenium-edge-driver/3.141.59/selenium-edge-driver-3.141.59.jar:/home/niveus/.m2/repository/org/seleniumhq/selenium/selenium-firefox-driver/3.141.59/selenium-firefox-driver-3.141.59.jar:/home/niveus/.m2/repository/org/seleniumhq/selenium/selenium-ie-driver/3.141.59/selenium-ie-driver-3.141.59.jar:/home/niveus/.m2/repository/org/seleniumhq/selenium/selenium-opera-driver/3.141.59/selenium-opera-driver-3.141.59.jar:/home/niveus/.m2/repository/org/seleniumhq/selenium/selenium-remote-driver/3.141.59/selenium-remote-driver-3.141.59.jar:/home/niveus/.m2/repository/org/seleniumhq/selenium/selenium-safari-driver/3.141.59/selenium-safari-driver-3.141.59.jar:/home/niveus/.m2/repository/org/seleniumhq/selenium/selenium-support/3.141.59/selenium-support-3.141.59.jar:/home/niveus/.m2/repository/net/bytebuddy/byte-buddy/1.8.15/byte-buddy-1.8.15.jar:/home/niveus/.m2/repository/org/apache/commons/commons-exec/1.3/commons-exec-1.3.jar:/home/niveus/.m2/repository/com/google/guava/guava/25.0-jre/guava-25.0-jre.jar:/home/niveus/.m2/repository/com/google/code/findbugs/jsr305/1.3.9/jsr305-1.3.9.jar:/home/niveus/.m2/repository/org/checkerframework/checker-compat-qual/2.0.0/checker-compat-qual-2.0.0.jar:/home/niveus/.m2/repository/com/google/errorprone/error_prone_annotations/2.1.3/error_prone_annotations-2.1.3.jar:/home/niveus/.m2/repository/com/google/j2objc/j2objc-annotations/1.1/j2objc-annotations-1.1.jar:/home/niveus/.m2/repository/org/codehaus/mojo/animal-sniffer-annotations/1.14/animal-sniffer-annotations-1.14.jar:/home/niveus/.m2/repository/com/squareup/okhttp3/okhttp/3.11.0/okhttp-3.11.0.jar:/home/niveus/.m2/repository/com/squareup/okio/okio/1.14.0/okio-1.14.0.jar:/home/niveus/.m2/repository/org/testng/testng/7.0.0/testng-7.0.0.jar:/home/niveus/.m2/repository/com/beust/jcommander/1.72/jcommander-1.72.jar:/home/niveus/.m2/repository/commons-io/commons-io/2.6/commons-io-2.6.jar:/home/niveus/.m2/repository/org/apache/commons/commons-lang3/3.8.1/commons-lang3-3.8.1.jar:/home/niveus/.m2/repository/org/apache/poi/poi/4.1.1/poi-4.1.1.jar:/home/niveus/.m2/repository/commons-codec/commons-codec/1.13/commons-codec-1.13.jar:/home/niveus/.m2/repository/org/apache/commons/commons-collections4/4.4/commons-collections4-4.4.jar:/home/niveus/.m2/repository/org/apache/commons/commons-math3/3.6.1/commons-math3-3.6.1.jar:/home/niveus/.m2/repository/org/apache/poi/poi-ooxml/4.1.0/poi-ooxml-4.1.0.jar:/home/niveus/.m2/repository/org/apache/poi/poi-ooxml-schemas/4.1.0/poi-ooxml-schemas-4.1.0.jar:/home/niveus/.m2/repository/org/apache/xmlbeans/xmlbeans/3.1.0/xmlbeans-3.1.0.jar:/home/niveus/.m2/repository/org/apache/commons/commons-compress/1.18/commons-compress-1.18.jar:/home/niveus/.m2/repository/com/github/virtuald/curvesapi/1.06/curvesapi-1.06.jar:/home/niveus/.m2/repository/junit/junit/4.11/junit-4.11.jar:/home/niveus/.m2/repository/org/hamcrest/hamcrest-core/1.3/hamcrest-core-1.3.jar:/home/niveus/.m2/repository/javax/activation/activation/1.1.1/activation-1.1.1.jar:/home/niveus/.m2/repository/org/postgresql/postgresql/42.1.4/postgresql-42.1.4.jar:/home/niveus/.m2/repository/com/sun/mail/javax.mail/1.5.6/javax.mail-1.5.6.jar:/home/niveus/.m2/repository/com/aventstack/extentreports/3.0.6/extentreports-3.0.6.jar:/home/niveus/.m2/repository/org/freemarker/freemarker/2.3.23/freemarker-2.3.23.jar:/home/niveus/.m2/repository/org/mongodb/mongodb-driver/3.3.0/mongodb-driver-3.3.0.jar:/home/niveus/.m2/repository/org/mongodb/bson/3.3.0/bson-3.3.0.jar:/home/niveus/.m2/repository/org/mongodb/mongodb-driver-core/3.3.0/mongodb-driver-core-3.3.0.jar:/home/niveus/.m2/repository/org/apache/httpcomponents/httpclient/4.5.2/httpclient-4.5.2.jar:/home/niveus/.m2/repository/org/apache/httpcomponents/httpcore/4.4.4/httpcore-4.4.4.jar:/home/niveus/.m2/repository/commons-logging/commons-logging/1.2/commons-logging-1.2.jar:/home/niveus/.m2/repository/org/apache/httpcomponents/httpmime/4.5.2/httpmime-4.5.2.jar:/home/niveus/.m2/repository/org/jsoup/jsoup/1.9.2/jsoup-1.9.2.jar:/home/niveus/.m2/repository/com/relevantcodes/extentreports/2.41.2/extentreports-2.41.2.jar:/home/niveus/.m2/repository/org/xerial/sqlite-jdbc/3.8.11.1/sqlite-jdbc-3.8.11.1.jar:"/>
    <property name="sun.cpu.endian" value="little"/>
    <property name="user.home" value="/home/niveus"/>
    <property name="user.language" value="en"/>
    <property name="java.specification.vendor" value="Oracle Corporation"/>
    <property name="java.version.date" value="2020-07-14"/>
    <property name="java.home" value="/usr/lib/jvm/java-11-openjdk-amd64"/>
    <property name="file.separator" value="/"/>
    <property name="basedir" value="/home/niveus/maven/Afyawebapplication"/>
    <property name="java.vm.compressedOopsMode" value="Zero based"/>
    <property name="line.separator" value="&#10;"/>
    <property name="java.specification.name" value="Java Platform API Specification"/>
    <property name="java.vm.specification.vendor" value="Oracle Corporation"/>
    <property name="java.awt.graphicsenv" value="sun.awt.X11GraphicsEnvironment"/>
    <property name="surefire.real.class.path" value="/home/niveus/maven/Afyawebapplication/target/surefire/surefirebooter16292922369458533149.jar"/>
    <property name="sun.management.compiler" value="HotSpot 64-Bit Tiered Compilers"/>
    <property name="java.runtime.version" value="11.0.8+10-post-Ubuntu-0ubuntu120.04"/>
    <property name="user.name" value="niveus"/>
    <property name="path.separator" value=":"/>
    <property name="os.version" value="5.4.0-52-generic"/>
    <property name="java.runtime.name" value="OpenJDK Runtime Environment"/>
    <property name="file.encoding" value="UTF-8"/>
    <property name="java.vm.name" value="OpenJDK 64-Bit Server VM"/>
    <property name="localRepository" value="/home/niveus/.m2/repository"/>
    <property name="java.vendor.url.bug" value="https://bugs.launchpad.net/ubuntu/+source/openjdk-lts"/>
    <property name="java.io.tmpdir" value="/tmp"/>
    <property name="java.version" value="11.0.8"/>
    <property name="user.dir" value="/home/niveus/maven/Afyawebapplication"/>
    <property name="os.arch" value="amd64"/>
    <property name="java.vm.specification.name" value="Java Virtual Machine Specification"/>
    <property name="java.awt.printerjob" value="sun.print.PSPrinterJob"/>
    <property name="sun.os.patch.level" value="unknown"/>
    <property name="java.library.path" value="/usr/java/packages/lib:/usr/lib/x86_64-linux-gnu/jni:/lib/x86_64-linux-gnu:/usr/lib/x86_64-linux-gnu:/usr/lib/jni:/lib:/usr/lib"/>
    <property name="java.vm.info" value="mixed mode, sharing"/>
    <property name="java.vendor" value="Ubuntu"/>
    <property name="java.vm.version" value="11.0.8+10-post-Ubuntu-0ubuntu120.04"/>
    <property name="sun.io.unicode.encoding" value="UnicodeLittle"/>
    <property name="java.class.version" value="55.0"/>
  </properties>
  <testcase name="assigningDoctorTest" classname="com.niveus.AssigningDoctorTest" time="22.562"/>
  <testcase name="patientSearchTest" classname="com.niveus.SearchValidationTest" time="89.41"/>
  <testcase name="uploadDocumentValidation" classname="com.niveus.UploadDocumentTest" time="19.084"/>
  <testcase name="participantValidationTest" classname="com.niveus.ParticipantTest" time="34.176"/>
  <testcase name="addspecialityValidationTest" classname="com.niveus.AddSpecialityTest" time="21.023"/>
  <testcase name="patientInfoValidationTest" classname="com.niveus.PatientInfoTest" time="26.203"/>
  <testcase name="statusValidation" classname="com.niveus.ResponderStatusTest" time="132.285">
    <failure message="Expected condition failed: waiting for visibility of Proxy element for: DefaultElementLocator &apos;By.xpath: //span[contains(text(),&apos;User status is changed to&apos;)]&apos; (tried for 100 second(s) with 500 milliseconds interval)" type="org.openqa.selenium.TimeoutException">org.openqa.selenium.TimeoutException: Expected condition failed: waiting for visibility of Proxy element for: DefaultElementLocator 'By.xpath: //span[contains(text(),'User status is changed to')]' (tried for 100 second(s) with 500 milliseconds interval)
	at com.niveus.ResponderStatusTest.statusValidation(ResponderStatusTest.java:99)
Caused by: org.openqa.selenium.NoSuchElementException: 
no such element: Unable to locate element: {"method":"xpath","selector":"//span[contains(text(),'User status is changed to')]"}
  (Session info: headless chrome=85.0.4183.121)
For documentation on this error, please visit: https://www.seleniumhq.org/exceptions/no_such_element.html
Build info: version: '3.141.59', revision: 'e82be7d358', time: '2018-11-14T08:17:03'
System info: host: 'niveus-HP-EliteBook-820-G3', ip: '127.0.1.1', os.name: 'Linux', os.arch: 'amd64', os.version: '5.4.0-52-generic', java.version: '11.0.8'
Driver info: org.openqa.selenium.chrome.ChromeDriver
Capabilities {acceptInsecureCerts: true, browserName: chrome, browserVersion: 85.0.4183.121, chrome: {chromedriverVersion: 84.0.4147.30 (48b3e868b4cc0..., userDataDir: /tmp/.com.google.Chrome.r8NOJS}, goog:chromeOptions: {debuggerAddress: localhost:46309}, javascriptEnabled: true, networkConnectionEnabled: false, pageLoadStrategy: normal, platform: LINUX, platformName: LINUX, proxy: Proxy(), setWindowRect: true, strictFileInteractability: false, timeouts: {implicit: 0, pageLoad: 300000, script: 30000}, unhandledPromptBehavior: dismiss and notify, webauthn:virtualAuthenticators: true}
Session ID: 869296979c9b751bb2d61f881ab669bd
*** Element info: {Using=xpath, value=//span[contains(text(),'User status is changed to')]}
	at com.niveus.ResponderStatusTest.statusValidation(ResponderStatusTest.java:99)
</failure>
    <system-out><![CDATA[browser is launched
AfyaAfya Page  is sucessgully displayed
Responder Status Testcase is runnng..........
Login page is sucessfully displayed
sucessfully loged in and Home page is displayed
User status is changed to Chat Only
status is sucessfully changed 
ResponderStatus TestCase is sucessfully done ############################# TEST IS PASS
]]></system-out>
    <system-err><![CDATA[Starting ChromeDriver 84.0.4147.30 (48b3e868b4cc0aa7e8149519690b6f6949e110a8-refs/branch-heads/4147@{#310}) on port 32016
Only local connections are allowed.
Please see https://chromedriver.chromium.org/security-considerations for suggestions on keeping ChromeDriver safe.
ChromeDriver was started successfully.
[1603859443.781][WARNING]: This version of ChromeDriver has not been tested with Chrome version 85.
Oct 28, 2020 10:00:43 AM org.openqa.selenium.remote.ProtocolHandshake createSession
INFO: Detected dialect: W3C
]]></system-err>
  </testcase>
  <testcase name="updateProfileInformation" classname="com.niveus.ProfileUpadateTest" time="14.883"/>
  <testcase name="mediaFileValidation" classname="com.niveus.MediaFileTest" time="40.968"/>
  <testcase name="filterValidationTest" classname="com.niveus.FilterTest" time="32.357">
    <failure message="no such element: Unable to locate element: {&quot;method&quot;:&quot;xpath&quot;,&quot;selector&quot;:&quot;//span[@aria-label=&apos;filter&apos;]&quot;}&#10;  (Session info: headless chrome=85.0.4183.121)&#10;For documentation on this error, please visit: https://www.seleniumhq.org/exceptions/no_such_element.html&#10;Build info: version: &apos;3.141.59&apos;, revision: &apos;e82be7d358&apos;, time: &apos;2018-11-14T08:17:03&apos;&#10;System info: host: &apos;niveus-HP-EliteBook-820-G3&apos;, ip: &apos;127.0.1.1&apos;, os.name: &apos;Linux&apos;, os.arch: &apos;amd64&apos;, os.version: &apos;5.4.0-52-generic&apos;, java.version: &apos;11.0.8&apos;&#10;Driver info: org.openqa.selenium.chrome.ChromeDriver&#10;Capabilities {acceptInsecureCerts: true, browserName: chrome, browserVersion: 85.0.4183.121, chrome: {chromedriverVersion: 84.0.4147.30 (48b3e868b4cc0..., userDataDir: /tmp/.com.google.Chrome.dSOJwM}, goog:chromeOptions: {debuggerAddress: localhost:45449}, javascriptEnabled: true, networkConnectionEnabled: false, pageLoadStrategy: normal, platform: LINUX, platformName: LINUX, proxy: Proxy(), setWindowRect: true, strictFileInteractability: false, timeouts: {implicit: 0, pageLoad: 300000, script: 30000}, unhandledPromptBehavior: dismiss and notify, webauthn:virtualAuthenticators: true}&#10;Session ID: d7851a2c5dbabc42922f32545cc5040d&#10;*** Element info: {Using=xpath, value=//span[@aria-label=&apos;filter&apos;]}" type="org.openqa.selenium.NoSuchElementException">org.openqa.selenium.NoSuchElementException: 
no such element: Unable to locate element: {"method":"xpath","selector":"//span[@aria-label='filter']"}
  (Session info: headless chrome=85.0.4183.121)
For documentation on this error, please visit: https://www.seleniumhq.org/exceptions/no_such_element.html
Build info: version: '3.141.59', revision: 'e82be7d358', time: '2018-11-14T08:17:03'
System info: host: 'niveus-HP-EliteBook-820-G3', ip: '127.0.1.1', os.name: 'Linux', os.arch: 'amd64', os.version: '5.4.0-52-generic', java.version: '11.0.8'
Driver info: org.openqa.selenium.chrome.ChromeDriver
Capabilities {acceptInsecureCerts: true, browserName: chrome, browserVersion: 85.0.4183.121, chrome: {chromedriverVersion: 84.0.4147.30 (48b3e868b4cc0..., userDataDir: /tmp/.com.google.Chrome.dSOJwM}, goog:chromeOptions: {debuggerAddress: localhost:45449}, javascriptEnabled: true, networkConnectionEnabled: false, pageLoadStrategy: normal, platform: LINUX, platformName: LINUX, proxy: Proxy(), setWindowRect: true, strictFileInteractability: false, timeouts: {implicit: 0, pageLoad: 300000, script: 30000}, unhandledPromptBehavior: dismiss and notify, webauthn:virtualAuthenticators: true}
Session ID: d7851a2c5dbabc42922f32545cc5040d
*** Element info: {Using=xpath, value=//span[@aria-label='filter']}
	at com.niveus.FilterTest.filterValidationTest(FilterTest.java:128)
</failure>
    <system-out><![CDATA[browser is launched
AfyaAfya Page  is sucessgully displayed
FilterTest Testcase is runnng..........
Login page is sucessfully displayed
sucessfully logedin
sucessfully logedin and Home page is displayed
]]></system-out>
    <system-err><![CDATA[Starting ChromeDriver 84.0.4147.30 (48b3e868b4cc0aa7e8149519690b6f6949e110a8-refs/branch-heads/4147@{#310}) on port 20016
Only local connections are allowed.
Please see https://chromedriver.chromium.org/security-considerations for suggestions on keeping ChromeDriver safe.
ChromeDriver was started successfully.
[1603859671.358][WARNING]: This version of ChromeDriver has not been tested with Chrome version 85.
Oct 28, 2020 10:04:31 AM org.openqa.selenium.remote.ProtocolHandshake createSession
INFO: Detected dialect: W3C
]]></system-err>
  </testcase>
  <testcase name="loginPageTest" classname="com.niveus.LoginTest" time="2.024"/>
  <testcase name="chatMemeberValidation" classname="com.niveus.ChatMemberTest" time="25.989"/>
  <testcase name="addNewPatientTest" classname="com.niveus.AddNewPatientTest" time="72.348">
    <failure message="Expected condition failed: waiting for element to be clickable: Proxy element for: DefaultElementLocator &apos;By.xpath: //span[text()=&apos; NEW&apos;]/..&apos; (tried for 50 second(s) with 500 milliseconds interval)" type="org.openqa.selenium.TimeoutException">org.openqa.selenium.TimeoutException: Expected condition failed: waiting for element to be clickable: Proxy element for: DefaultElementLocator 'By.xpath: //span[text()=' NEW']/..' (tried for 50 second(s) with 500 milliseconds interval)
	at com.niveus.AddNewPatientTest.addNewPatientTest(AddNewPatientTest.java:69)
Caused by: org.openqa.selenium.NoSuchElementException: 
no such element: Unable to locate element: {"method":"xpath","selector":"//span[text()=' NEW']/.."}
  (Session info: headless chrome=85.0.4183.121)
For documentation on this error, please visit: https://www.seleniumhq.org/exceptions/no_such_element.html
Build info: version: '3.141.59', revision: 'e82be7d358', time: '2018-11-14T08:17:03'
System info: host: 'niveus-HP-EliteBook-820-G3', ip: '127.0.1.1', os.name: 'Linux', os.arch: 'amd64', os.version: '5.4.0-52-generic', java.version: '11.0.8'
Driver info: org.openqa.selenium.chrome.ChromeDriver
Capabilities {acceptInsecureCerts: true, browserName: chrome, browserVersion: 85.0.4183.121, chrome: {chromedriverVersion: 84.0.4147.30 (48b3e868b4cc0..., userDataDir: /tmp/.com.google.Chrome.8J1NJi}, goog:chromeOptions: {debuggerAddress: localhost:38855}, javascriptEnabled: true, networkConnectionEnabled: false, pageLoadStrategy: normal, platform: LINUX, platformName: LINUX, proxy: Proxy(), setWindowRect: true, strictFileInteractability: false, timeouts: {implicit: 0, pageLoad: 300000, script: 30000}, unhandledPromptBehavior: dismiss and notify, webauthn:virtualAuthenticators: true}
Session ID: 2449d8ac12b7bb764c93b5f09a797e35
*** Element info: {Using=xpath, value=//span[text()=' NEW']/..}
	at com.niveus.AddNewPatientTest.addNewPatientTest(AddNewPatientTest.java:69)
</failure>
    <system-out><![CDATA[browser is launched
AfyaAfya Page  is sucessgully displayed
Addnewpatient testcase is running.............############
enter the url sucessfully
sucessfully logedin
]]></system-out>
    <system-err><![CDATA[Starting ChromeDriver 84.0.4147.30 (48b3e868b4cc0aa7e8149519690b6f6949e110a8-refs/branch-heads/4147@{#310}) on port 28846
Only local connections are allowed.
Please see https://chromedriver.chromium.org/security-considerations for suggestions on keeping ChromeDriver safe.
ChromeDriver was started successfully.
[1603859760.004][WARNING]: This version of ChromeDriver has not been tested with Chrome version 85.
Oct 28, 2020 10:06:00 AM org.openqa.selenium.remote.ProtocolHandshake createSession
INFO: Detected dialect: W3C
]]></system-err>
  </testcase>
  <testcase name="uploadPhotoValidation" classname="com.niveus.UploadPhotosTest" time="0.08">
    <failure message="no such element: Unable to locate element: {&quot;method&quot;:&quot;xpath&quot;,&quot;selector&quot;:&quot;//button[@type=&apos;submit&apos;]&quot;}&#10;  (Session info: headless chrome=85.0.4183.121)&#10;For documentation on this error, please visit: https://www.seleniumhq.org/exceptions/no_such_element.html&#10;Build info: version: &apos;3.141.59&apos;, revision: &apos;e82be7d358&apos;, time: &apos;2018-11-14T08:17:03&apos;&#10;System info: host: &apos;niveus-HP-EliteBook-820-G3&apos;, ip: &apos;127.0.1.1&apos;, os.name: &apos;Linux&apos;, os.arch: &apos;amd64&apos;, os.version: &apos;5.4.0-52-generic&apos;, java.version: &apos;11.0.8&apos;&#10;Driver info: org.openqa.selenium.chrome.ChromeDriver&#10;Capabilities {acceptInsecureCerts: true, browserName: chrome, browserVersion: 85.0.4183.121, chrome: {chromedriverVersion: 84.0.4147.30 (48b3e868b4cc0..., userDataDir: /tmp/.com.google.Chrome.bszOgu}, goog:chromeOptions: {debuggerAddress: localhost:43551}, javascriptEnabled: true, networkConnectionEnabled: false, pageLoadStrategy: normal, platform: LINUX, platformName: LINUX, proxy: Proxy(), setWindowRect: true, strictFileInteractability: false, timeouts: {implicit: 0, pageLoad: 300000, script: 30000}, unhandledPromptBehavior: dismiss and notify, webauthn:virtualAuthenticators: true}&#10;Session ID: 1a5df1d823b89285a1928a9868b6fb80&#10;*** Element info: {Using=xpath, value=//button[@type=&apos;submit&apos;]}" type="org.openqa.selenium.NoSuchElementException">org.openqa.selenium.NoSuchElementException: 
no such element: Unable to locate element: {"method":"xpath","selector":"//button[@type='submit']"}
  (Session info: headless chrome=85.0.4183.121)
For documentation on this error, please visit: https://www.seleniumhq.org/exceptions/no_such_element.html
Build info: version: '3.141.59', revision: 'e82be7d358', time: '2018-11-14T08:17:03'
System info: host: 'niveus-HP-EliteBook-820-G3', ip: '127.0.1.1', os.name: 'Linux', os.arch: 'amd64', os.version: '5.4.0-52-generic', java.version: '11.0.8'
Driver info: org.openqa.selenium.chrome.ChromeDriver
Capabilities {acceptInsecureCerts: true, browserName: chrome, browserVersion: 85.0.4183.121, chrome: {chromedriverVersion: 84.0.4147.30 (48b3e868b4cc0..., userDataDir: /tmp/.com.google.Chrome.bszOgu}, goog:chromeOptions: {debuggerAddress: localhost:43551}, javascriptEnabled: true, networkConnectionEnabled: false, pageLoadStrategy: normal, platform: LINUX, platformName: LINUX, proxy: Proxy(), setWindowRect: true, strictFileInteractability: false, timeouts: {implicit: 0, pageLoad: 300000, script: 30000}, unhandledPromptBehavior: dismiss and notify, webauthn:virtualAuthenticators: true}
Session ID: 1a5df1d823b89285a1928a9868b6fb80
*** Element info: {Using=xpath, value=//button[@type='submit']}
	at com.niveus.UploadPhotosTest.uploadPhotoValidation(UploadPhotosTest.java:42)
</failure>
    <system-out><![CDATA[Successfully captured a screenshot
browser is launched
Afya Page  is sucessgully displayed
UploadPhoto Testcase is runnng..........
]]></system-out>
    <system-err><![CDATA[Starting ChromeDriver 84.0.4147.30 (48b3e868b4cc0aa7e8149519690b6f6949e110a8-refs/branch-heads/4147@{#310}) on port 27710
Only local connections are allowed.
Please see https://chromedriver.chromium.org/security-considerations for suggestions on keeping ChromeDriver safe.
ChromeDriver was started successfully.
[1603859840.077][WARNING]: This version of ChromeDriver has not been tested with Chrome version 85.
Oct 28, 2020 10:07:20 AM org.openqa.selenium.remote.ProtocolHandshake createSession
INFO: Detected dialect: W3C
]]></system-err>
  </testcase>
  <testcase name="closeCodeValidationTest" classname="com.niveus.CloseCodeTest" time="0.026">
    <failure message="no such element: Unable to locate element: {&quot;method&quot;:&quot;xpath&quot;,&quot;selector&quot;:&quot;//button[@type=&apos;submit&apos;]&quot;}&#10;  (Session info: headless chrome=85.0.4183.121)&#10;For documentation on this error, please visit: https://www.seleniumhq.org/exceptions/no_such_element.html&#10;Build info: version: &apos;3.141.59&apos;, revision: &apos;e82be7d358&apos;, time: &apos;2018-11-14T08:17:03&apos;&#10;System info: host: &apos;niveus-HP-EliteBook-820-G3&apos;, ip: &apos;127.0.1.1&apos;, os.name: &apos;Linux&apos;, os.arch: &apos;amd64&apos;, os.version: &apos;5.4.0-52-generic&apos;, java.version: &apos;11.0.8&apos;&#10;Driver info: org.openqa.selenium.chrome.ChromeDriver&#10;Capabilities {acceptInsecureCerts: true, browserName: chrome, browserVersion: 85.0.4183.121, chrome: {chromedriverVersion: 84.0.4147.30 (48b3e868b4cc0..., userDataDir: /tmp/.com.google.Chrome.etKVIg}, goog:chromeOptions: {debuggerAddress: localhost:36149}, javascriptEnabled: true, networkConnectionEnabled: false, pageLoadStrategy: normal, platform: LINUX, platformName: LINUX, proxy: Proxy(), setWindowRect: true, strictFileInteractability: false, timeouts: {implicit: 0, pageLoad: 300000, script: 30000}, unhandledPromptBehavior: dismiss and notify, webauthn:virtualAuthenticators: true}&#10;Session ID: 5110afdc47a1bd363f21e3eaa6a941af&#10;*** Element info: {Using=xpath, value=//button[@type=&apos;submit&apos;]}" type="org.openqa.selenium.NoSuchElementException">org.openqa.selenium.NoSuchElementException: 
no such element: Unable to locate element: {"method":"xpath","selector":"//button[@type='submit']"}
  (Session info: headless chrome=85.0.4183.121)
For documentation on this error, please visit: https://www.seleniumhq.org/exceptions/no_such_element.html
Build info: version: '3.141.59', revision: 'e82be7d358', time: '2018-11-14T08:17:03'
System info: host: 'niveus-HP-EliteBook-820-G3', ip: '127.0.1.1', os.name: 'Linux', os.arch: 'amd64', os.version: '5.4.0-52-generic', java.version: '11.0.8'
Driver info: org.openqa.selenium.chrome.ChromeDriver
Capabilities {acceptInsecureCerts: true, browserName: chrome, browserVersion: 85.0.4183.121, chrome: {chromedriverVersion: 84.0.4147.30 (48b3e868b4cc0..., userDataDir: /tmp/.com.google.Chrome.etKVIg}, goog:chromeOptions: {debuggerAddress: localhost:36149}, javascriptEnabled: true, networkConnectionEnabled: false, pageLoadStrategy: normal, platform: LINUX, platformName: LINUX, proxy: Proxy(), setWindowRect: true, strictFileInteractability: false, timeouts: {implicit: 0, pageLoad: 300000, script: 30000}, unhandledPromptBehavior: dismiss and notify, webauthn:virtualAuthenticators: true}
Session ID: 5110afdc47a1bd363f21e3eaa6a941af
*** Element info: {Using=xpath, value=//button[@type='submit']}
	at com.niveus.CloseCodeTest.closeCodeValidationTest(CloseCodeTest.java:49)
</failure>
    <system-out><![CDATA[Successfully captured a screenshot
browser is launched
Afya Page  is sucessgully displayed
Closecode Testcase is runnng..........
]]></system-out>
    <system-err><![CDATA[Starting ChromeDriver 84.0.4147.30 (48b3e868b4cc0aa7e8149519690b6f6949e110a8-refs/branch-heads/4147@{#310}) on port 3482
Only local connections are allowed.
Please see https://chromedriver.chromium.org/security-considerations for suggestions on keeping ChromeDriver safe.
ChromeDriver was started successfully.
[1603859841.245][WARNING]: This version of ChromeDriver has not been tested with Chrome version 85.
Oct 28, 2020 10:07:21 AM org.openqa.selenium.remote.ProtocolHandshake createSession
INFO: Detected dialect: W3C
]]></system-err>
  </testcase>
</testsuite>