<?xml version="1.0" encoding="UTF-8"?>
<!-- Generated by org.testng.reporters.JUnitReportReporter -->
<testsuite hostname="niveus-HP-EliteBook-820-G3" failures="0" tests="1" name="com.niveus.LogoutTest" time="19.061" errors="0" timestamp="2021-03-30T12:55:49 IST" skipped="0">
  <testcase classname="com.niveus.LogoutTest" name="logoutValidationTest" time="19.061"/>
</testsuite> <!-- com.niveus.LogoutTest -->
