<?xml version="1.0" encoding="UTF-8"?>
<!-- Generated by org.testng.reporters.JUnitReportReporter -->
<testsuite hostname="niveus-HP-EliteBook-820-G3" failures="0" tests="2" name="com.niveus.ProfileUpadateTest" time="30.669" errors="0" timestamp="2021-04-06T10:52:29 IST" skipped="0">
  <testcase classname="com.niveus.ProfileUpadateTest" name="updateProfileInformation" time="25.091"/>
  <testcase classname="com.niveus.ProfileUpadateTest" name="profileChangeTest" time="5.578"/>
</testsuite> <!-- com.niveus.ProfileUpadateTest -->
