<?xml version="1.0" encoding="UTF-8"?>
<!-- Generated by org.testng.reporters.JUnitReportReporter -->
<testsuite hostname="niveus-HP-EliteBook-820-G3" failures="0" tests="1" name="com.niveus.ChatMemberTest" time="54.413" errors="0" timestamp="2021-03-29T16:09:51 IST" skipped="0">
  <testcase classname="com.niveus.ChatMemberTest" name="chatMemeberValidation" time="54.413"/>
</testsuite> <!-- com.niveus.ChatMemberTest -->
