<?xml version="1.0" encoding="UTF-8"?>
<!-- Generated by org.testng.reporters.JUnitReportReporter -->
<testsuite hostname="niveus-HP-EliteBook-820-G3" failures="0" tests="1" name="com.niveus.LoginTest" time="8.463" errors="0" timestamp="2020-09-22T22:41:11 IST" skipped="0">
  <testcase classname="com.niveus.LoginTest" name="loginPageTest" time="8.463"/>
</testsuite> <!-- com.niveus.LoginTest -->
