<?xml version="1.0" encoding="UTF-8"?>
<!-- Generated by org.testng.reporters.JUnitReportReporter -->
<testsuite hostname="niveus-HP-EliteBook-820-G3" failures="0" tests="1" name="com.niveus.UploadPhotosTest" time="39.649" errors="0" timestamp="2021-04-06T12:06:42 IST" skipped="0">
  <testcase classname="com.niveus.UploadPhotosTest" name="uploadPhotoValidation" time="39.649"/>
</testsuite> <!-- com.niveus.UploadPhotosTest -->
