<?xml version="1.0" encoding="UTF-8"?>
<!-- Generated by org.testng.reporters.JUnitReportReporter -->
<testsuite hostname="niveus-HP-EliteBook-820-G3" failures="0" tests="1" name="com.niveus.LoginTest" time="19.826" errors="0" timestamp="2021-03-30T13:06:00 IST" skipped="0">
  <testcase classname="com.niveus.LoginTest" name="loginPageTest" time="19.826"/>
</testsuite> <!-- com.niveus.LoginTest -->
