<?xml version="1.0" encoding="UTF-8"?>
<!-- Generated by org.testng.reporters.JUnitReportReporter -->
<testsuite hostname="niveus-HP-EliteBook-820-G3" failures="0" tests="1" name="com.niveus.FilterTest" time="19.058" errors="0" timestamp="2020-11-30T12:46:51 IST" skipped="0">
  <testcase classname="com.niveus.FilterTest" name="filterValidationTest" time="19.058"/>
</testsuite> <!-- com.niveus.FilterTest -->
