<?xml version="1.0" encoding="UTF-8"?>
<!-- Generated by org.testng.reporters.JUnitReportReporter -->
<testsuite hostname="niveus-HP-EliteBook-820-G3" failures="0" tests="1" name="com.niveus.LoginTest" time="7.220" errors="0" timestamp="2020-11-09T11:35:40 IST" skipped="0">
  <testcase classname="com.niveus.LoginTest" name="loginPageTest" time="7.220"/>
</testsuite> <!-- com.niveus.LoginTest -->
