<?xml version="1.0" encoding="UTF-8"?>
<!-- Generated by org.testng.reporters.JUnitReportReporter -->
<testsuite hostname="niveus-HP-EliteBook-820-G3" failures="0" tests="1" name="com.niveus.FilterTest" time="37.436" errors="0" timestamp="2020-12-24T14:10:25 IST" skipped="0">
  <testcase classname="com.niveus.FilterTest" name="filterValidationTest" time="37.436"/>
</testsuite> <!-- com.niveus.FilterTest -->
