<?xml version="1.0" encoding="UTF-8"?>
<!-- Generated by org.testng.reporters.JUnitReportReporter -->
<testsuite hostname="niveus-HP-EliteBook-820-G3" failures="0" tests="1" name="com.niveus.ChatMemberTest" time="28.174" errors="0" timestamp="2020-12-07T09:59:52 IST" skipped="0">
  <testcase classname="com.niveus.ChatMemberTest" name="chatMemeberValidation" time="28.174"/>
</testsuite> <!-- com.niveus.ChatMemberTest -->
