<?xml version="1.0" encoding="UTF-8"?>
<!-- Generated by org.testng.reporters.JUnitReportReporter -->
<testsuite hostname="niveus-HP-EliteBook-820-G3" failures="0" tests="1" name="com.niveus.MediaFileTest" time="41.141" errors="0" timestamp="2020-10-28T10:08:22 IST" skipped="0">
  <testcase classname="com.niveus.MediaFileTest" name="mediaFileValidation" time="41.141"/>
</testsuite> <!-- com.niveus.MediaFileTest -->
