<?xml version="1.0" encoding="UTF-8"?>
<!-- Generated by org.testng.reporters.JUnitReportReporter -->
<testsuite hostname="niveus-HP-EliteBook-820-G3" failures="0" tests="1" name="com.niveus.ParticipantTest" time="36.640" errors="0" timestamp="2020-10-08T17:10:18 IST" skipped="0">
  <testcase classname="com.niveus.ParticipantTest" name="participantValidationTest" time="36.640"/>
</testsuite> <!-- com.niveus.ParticipantTest -->
