<?xml version="1.0" encoding="UTF-8"?>
<!-- Generated by org.testng.reporters.JUnitReportReporter -->
<testsuite hostname="niveus-HP-EliteBook-820-G3" failures="0" tests="1" name="com.niveus.ResponderStatusTest" time="39.832" errors="0" timestamp="2020-09-29T13:54:33 IST" skipped="0">
  <testcase classname="com.niveus.ResponderStatusTest" name="statusValidation" time="39.832"/>
</testsuite> <!-- com.niveus.ResponderStatusTest -->
