<?xml version="1.0" encoding="UTF-8"?>
<!-- Generated by org.testng.reporters.JUnitReportReporter -->
<testsuite hostname="niveus-HP-EliteBook-820-G3" failures="0" tests="1" name="com.niveus.AddSpecialityTest" time="43.544" errors="0" timestamp="2020-09-22T13:40:16 IST" skipped="0">
  <testcase classname="com.niveus.AddSpecialityTest" name="addspecialityValidationTest" time="43.544"/>
</testsuite> <!-- com.niveus.AddSpecialityTest -->
