<?xml version="1.0" encoding="UTF-8"?>
<!-- Generated by org.testng.reporters.JUnitReportReporter -->
<testsuite hostname="niveus-HP-EliteBook-820-G3" failures="0" tests="1" name="com.niveus.PatientInfoTest" time="36.552" errors="0" timestamp="2020-10-02T11:52:22 IST" skipped="0">
  <testcase classname="com.niveus.PatientInfoTest" name="patientInfoValidationTest" time="36.552"/>
</testsuite> <!-- com.niveus.PatientInfoTest -->
