<?xml version="1.0" encoding="UTF-8"?>
<!-- Generated by org.testng.reporters.JUnitReportReporter -->
<testsuite hostname="niveus-HP-EliteBook-820-G3" failures="0" tests="1" name="com.niveus.FilterTest" time="32.453" errors="0" timestamp="2021-04-06T15:42:53 IST" skipped="0">
  <testcase classname="com.niveus.FilterTest" name="filterValidationTest" time="32.453"/>
</testsuite> <!-- com.niveus.FilterTest -->
