<?xml version="1.0" encoding="UTF-8"?>
<!-- Generated by org.testng.reporters.JUnitReportReporter -->
<testsuite hostname="niveus-HP-EliteBook-820-G3" failures="0" tests="1" name="com.niveus.CloseCodeTest" time="41.157" errors="0" timestamp="2020-12-24T23:31:14 IST" skipped="0">
  <testcase classname="com.niveus.CloseCodeTest" name="closeCodeValidationTest" time="41.157"/>
</testsuite> <!-- com.niveus.CloseCodeTest -->
