<?xml version="1.0" encoding="UTF-8"?>
<!-- Generated by org.testng.reporters.JUnitReportReporter -->
<testsuite hostname="niveus-HP-EliteBook-820-G3" failures="0" tests="2" name="com.niveus.ProfileUpadateTest" time="46.320" errors="0" timestamp="2021-04-06T16:20:03 IST" skipped="0">
  <testcase classname="com.niveus.ProfileUpadateTest" name="updateProfileInformation" time="26.309"/>
  <testcase classname="com.niveus.ProfileUpadateTest" name="profileChangeTest" time="20.011"/>
</testsuite> <!-- com.niveus.ProfileUpadateTest -->
