<?xml version="1.0" encoding="UTF-8"?>
<!-- Generated by org.testng.reporters.JUnitReportReporter -->
<testsuite hostname="niveus-HP-EliteBook-820-G3" failures="0" tests="1" name="com.niveus.LoginTest" time="6.037" errors="0" timestamp="2020-09-25T21:49:19 IST" skipped="0">
  <testcase classname="com.niveus.LoginTest" name="loginPageTest" time="6.037"/>
</testsuite> <!-- com.niveus.LoginTest -->
