<?xml version="1.0" encoding="UTF-8"?>
<!-- Generated by org.testng.reporters.JUnitReportReporter -->
<testsuite hostname="niveus-HP-EliteBook-820-G3" failures="0" tests="2" name="com.niveus.ProfileUpadateTest" time="43.954" errors="0" timestamp="2021-04-06T15:42:53 IST" skipped="0">
  <testcase classname="com.niveus.ProfileUpadateTest" name="profileChangeTest" time="20.071"/>
  <testcase classname="com.niveus.ProfileUpadateTest" name="updateProfileInformation" time="23.883"/>
</testsuite> <!-- com.niveus.ProfileUpadateTest -->
