<?xml version="1.0" encoding="UTF-8"?>
<!-- Generated by org.testng.reporters.JUnitReportReporter -->
<testsuite hostname="niveus-HP-EliteBook-820-G3" failures="0" tests="1" name="com.niveus.ParticipantTest" time="37.080" errors="0" timestamp="2021-04-06T16:20:03 IST" skipped="0">
  <testcase classname="com.niveus.ParticipantTest" name="participantValidationTest" time="37.080"/>
</testsuite> <!-- com.niveus.ParticipantTest -->
