<?xml version="1.0" encoding="UTF-8"?>
<!-- Generated by org.testng.reporters.JUnitReportReporter -->
<testsuite hostname="niveus-HP-EliteBook-820-G3" failures="0" tests="1" name="com.niveus.MediaFileTest" time="29.469" errors="0" timestamp="2020-12-14T11:00:18 IST" skipped="0">
  <testcase classname="com.niveus.MediaFileTest" name="mediaFileValidation" time="29.469"/>
</testsuite> <!-- com.niveus.MediaFileTest -->
