<?xml version="1.0" encoding="UTF-8"?>
<!-- Generated by org.testng.reporters.JUnitReportReporter -->
<testsuite hostname="niveus-HP-EliteBook-820-G3" failures="0" tests="1" name="com.niveus.UploadPhotosTest" time="25.549" errors="0" timestamp="2021-01-18T11:42:38 IST" skipped="0">
  <testcase classname="com.niveus.UploadPhotosTest" name="uploadPhotoValidation" time="25.549"/>
</testsuite> <!-- com.niveus.UploadPhotosTest -->
