<?xml version="1.0" encoding="UTF-8"?>
<!-- Generated by org.testng.reporters.JUnitReportReporter -->
<testsuite hostname="niveus-HP-EliteBook-820-G3" failures="0" tests="1" name="com.niveus.ParticipantTest" time="37.379" errors="0" timestamp="2020-10-02T11:52:22 IST" skipped="0">
  <testcase classname="com.niveus.ParticipantTest" name="participantValidationTest" time="37.379"/>
</testsuite> <!-- com.niveus.ParticipantTest -->
