<?xml version="1.0" encoding="UTF-8"?>
<!-- Generated by org.testng.reporters.JUnitReportReporter -->
<testsuite hostname="niveus-HP-EliteBook-820-G3" failures="0" tests="1" name="com.niveus.AddNewPatientTest" time="27.090" errors="0" timestamp="2020-11-02T12:53:01 IST" skipped="0">
  <testcase classname="com.niveus.AddNewPatientTest" name="addNewPatientTest" time="27.090"/>
</testsuite> <!-- com.niveus.AddNewPatientTest -->
