<?xml version="1.0" encoding="UTF-8"?>
<!-- Generated by org.testng.reporters.JUnitReportReporter -->
<testsuite hostname="niveus-HP-EliteBook-820-G3" failures="0" tests="1" name="com.niveus.AssigningDoctorTest" time="18.086" errors="0" timestamp="2020-10-10T11:13:02 IST" skipped="0">
  <testcase classname="com.niveus.AssigningDoctorTest" name="assigningDoctorTest" time="18.086"/>
</testsuite> <!-- com.niveus.AssigningDoctorTest -->
