<?xml version="1.0" encoding="UTF-8"?>
<!-- Generated by org.testng.reporters.JUnitReportReporter -->
<testsuite hostname="niveus-HP-EliteBook-820-G3" failures="0" tests="1" name="com.niveus.UploadDocumentTest" time="25.986" errors="0" timestamp="2021-01-18T11:42:38 IST" skipped="0">
  <testcase classname="com.niveus.UploadDocumentTest" name="uploadDocumentValidation" time="25.986"/>
</testsuite> <!-- com.niveus.UploadDocumentTest -->
