<?xml version="1.0" encoding="UTF-8"?>
<!-- Generated by org.testng.reporters.JUnitReportReporter -->
<testsuite hostname="niveus-HP-EliteBook-820-G3" failures="0" tests="1" name="com.niveus.ProfileUpadateTest" time="16.498" errors="0" timestamp="2020-09-22T13:40:16 IST" skipped="0">
  <testcase classname="com.niveus.ProfileUpadateTest" name="updateProfileInformation" time="16.498"/>
</testsuite> <!-- com.niveus.ProfileUpadateTest -->
