<?xml version="1.0" encoding="UTF-8"?>
<!-- Generated by org.testng.reporters.JUnitReportReporter -->
<testsuite hostname="niveus-HP-EliteBook-820-G3" failures="0" tests="1" name="com.niveus.MediaFileTest" time="26.651" errors="0" timestamp="2021-01-14T18:21:37 IST" skipped="0">
  <testcase classname="com.niveus.MediaFileTest" name="mediaFileValidation" time="26.651"/>
</testsuite> <!-- com.niveus.MediaFileTest -->
