<?xml version="1.0" encoding="UTF-8"?>
<!-- Generated by org.testng.reporters.JUnitReportReporter -->
<testsuite hostname="niveus-HP-EliteBook-820-G3" failures="0" tests="1" name="com.niveus.ProfileUpadateTest" time="11.899" errors="0" timestamp="2020-10-09T13:42:04 IST" skipped="0">
  <testcase classname="com.niveus.ProfileUpadateTest" name="updateProfileInformation" time="11.899"/>
</testsuite> <!-- com.niveus.ProfileUpadateTest -->
