<?xml version="1.0" encoding="UTF-8"?>
<!-- Generated by org.testng.reporters.JUnitReportReporter -->
<testsuite hostname="niveus-HP-EliteBook-820-G3" failures="0" tests="1" name="com.niveus.FilterTest" time="18.678" errors="0" timestamp="2020-12-23T16:10:40 IST" skipped="0">
  <testcase classname="com.niveus.FilterTest" name="filterValidationTest" time="18.678"/>
</testsuite> <!-- com.niveus.FilterTest -->
