<?xml version="1.0" encoding="UTF-8"?>
<!-- Generated by org.testng.reporters.JUnitReportReporter -->
<testsuite hostname="niveus-HP-EliteBook-820-G3" failures="0" tests="1" name="com.niveus.UploadDocumentTest" time="29.430" errors="0" timestamp="2020-09-25T21:49:19 IST" skipped="0">
  <testcase classname="com.niveus.UploadDocumentTest" name="uploadDocumentValidation" time="29.430"/>
</testsuite> <!-- com.niveus.UploadDocumentTest -->
