<?xml version="1.0" encoding="UTF-8"?>
<!-- Generated by org.testng.reporters.JUnitReportReporter -->
<testsuite hostname="niveus-HP-EliteBook-820-G3" failures="0" tests="1" name="com.niveus.SearchValidationTest" time="40.672" errors="0" timestamp="2020-09-22T13:40:16 IST" skipped="0">
  <testcase classname="com.niveus.SearchValidationTest" name="patientSearchTest" time="40.672"/>
</testsuite> <!-- com.niveus.SearchValidationTest -->
