<?xml version="1.0" encoding="UTF-8"?>
<!-- Generated by org.testng.reporters.JUnitReportReporter -->
<testsuite hostname="niveus-HP-EliteBook-820-G3" failures="0" tests="1" name="com.niveus.SearchValidationTest" time="86.572" errors="0" timestamp="2020-10-10T11:13:01 IST" skipped="0">
  <testcase classname="com.niveus.SearchValidationTest" name="patientSearchTest" time="86.572"/>
</testsuite> <!-- com.niveus.SearchValidationTest -->
