<?xml version="1.0" encoding="UTF-8"?>
<!-- Generated by org.testng.reporters.JUnitReportReporter -->
<testsuite hostname="niveus-HP-EliteBook-820-G3" failures="0" tests="1" name="com.niveus.AddSpecialityTest" time="20.592" errors="0" timestamp="2020-10-07T13:51:45 IST" skipped="0">
  <testcase classname="com.niveus.AddSpecialityTest" name="addspecialityValidationTest" time="20.592"/>
</testsuite> <!-- com.niveus.AddSpecialityTest -->
