<?xml version="1.0" encoding="UTF-8"?>
<!-- Generated by org.testng.reporters.JUnitReportReporter -->
<testsuite hostname="niveus-HP-EliteBook-820-G3" failures="0" tests="1" name="com.niveus.PatientInfoTest" time="26.082" errors="0" timestamp="2020-09-25T21:49:19 IST" skipped="0">
  <testcase classname="com.niveus.PatientInfoTest" name="patientInfoValidationTest" time="26.082"/>
</testsuite> <!-- com.niveus.PatientInfoTest -->
