<?xml version="1.0" encoding="UTF-8"?>
<!-- Generated by org.testng.reporters.JUnitReportReporter -->
<testsuite hostname="niveus-HP-EliteBook-820-G3" failures="0" tests="1" name="com.niveus.AddSpecialityTest" time="32.352" errors="0" timestamp="2020-09-28T13:09:32 IST" skipped="0">
  <testcase classname="com.niveus.AddSpecialityTest" name="addspecialityValidationTest" time="32.352"/>
</testsuite> <!-- com.niveus.AddSpecialityTest -->
