<?xml version="1.0" encoding="UTF-8"?>
<!-- Generated by org.testng.reporters.JUnitReportReporter -->
<testsuite hostname="niveus-HP-EliteBook-820-G3" failures="0" tests="1" name="com.niveus.FilterTest" time="16.428" errors="0" timestamp="2020-10-07T13:51:45 IST" skipped="0">
  <testcase classname="com.niveus.FilterTest" name="filterValidationTest" time="16.428"/>
</testsuite> <!-- com.niveus.FilterTest -->
